<?xml version="1.0" encoding="UTF-8"?>
<!-- Generated by org.testng.reporters.JUnitReportReporter -->
<testsuite hostname="WIN-JO8IQI19CKC" name="IbmFullstack.RestAssured.HttpMethods" tests="1" failures="0" timestamp="1 Jul 2022 06:42:19 GMT" time="3.660" errors="0">
  <testcase name="queryParameter" time="3.660" classname="IbmFullstack.RestAssured.HttpMethods"/>
</testsuite> <!-- IbmFullstack.RestAssured.HttpMethods -->
