<?xml version="1.0" encoding="UTF-8"?>
<!-- Generated by org.testng.reporters.JUnitReportReporter -->
<testsuite hostname="WIN-JO8IQI19CKC" name="IbmFullstack.RestAssured.DataProviderr" tests="3" failures="0" timestamp="1 Jul 2022 07:12:19 GMT" time="2.235" errors="0">
  <testcase name="push" time="2.192" classname="IbmFullstack.RestAssured.DataProviderr"/>
  <testcase name="push" time="0.024" classname="IbmFullstack.RestAssured.DataProviderr"/>
  <testcase name="push" time="0.019" classname="IbmFullstack.RestAssured.DataProviderr"/>
</testsuite> <!-- IbmFullstack.RestAssured.DataProviderr -->
