<?xml version="1.0" encoding="UTF-8"?>
<!-- Generated by org.testng.reporters.JUnitReportReporter -->
<testsuite hostname="WIN-JO8IQI19CKC" name="IbmFullstack.RestAssured.test1" tests="2" failures="0" timestamp="30 Jun 2022 09:26:43 GMT" time="1.297" errors="0">
  <testcase name="getMethod" time="0.019" classname="IbmFullstack.RestAssured.test1"/>
  <testcase name="deleteMethod" time="1.278" classname="IbmFullstack.RestAssured.test1"/>
</testsuite> <!-- IbmFullstack.RestAssured.test1 -->
